<?xml version="1.0" encoding="UTF-8"?>
<testng-results skipped="0" failed="4" ignored="0" total="5" passed="1">
  <reporter-output>
  </reporter-output>
  <suite name="Suite" duration-ms="67759" started-at="2020-07-28T16:43:25Z" finished-at="2020-07-28T16:44:32Z">
    <groups>
      <group name="cucumber">
        <method signature="AbstractTestNGCucumberTests.runScenario(io.cucumber.testng.PickleEventWrapper, io.cucumber.testng.CucumberFeatureWrapper)[pri:0, instance:com.projectName.cucumber.runners.LoginFeatureRunner@56ef9176]" name="runScenario" class="io.cucumber.testng.AbstractTestNGCucumberTests"/>
        <method signature="AbstractTestNGCucumberTests.runScenario(io.cucumber.testng.PickleEventWrapper, io.cucumber.testng.CucumberFeatureWrapper)[pri:0, instance:com.projectName.cucumber.runners.ValidateCRMFeatureRunner@4566e5bd]" name="runScenario" class="io.cucumber.testng.AbstractTestNGCucumberTests"/>
        <method signature="AbstractTestNGCucumberTests.runScenario(io.cucumber.testng.PickleEventWrapper, io.cucumber.testng.CucumberFeatureWrapper)[pri:0, instance:com.projectName.cucumber.runners.ValidateCustomerFeatureRunner@ff5b51f]" name="runScenario" class="io.cucumber.testng.AbstractTestNGCucumberTests"/>
        <method signature="AbstractTestNGCucumberTests.runScenario(io.cucumber.testng.PickleEventWrapper, io.cucumber.testng.CucumberFeatureWrapper)[pri:0, instance:com.projectName.cucumber.runners.ValidatePricingFeatureRunner@1ed4004b]" name="runScenario" class="io.cucumber.testng.AbstractTestNGCucumberTests"/>
      </group> <!-- cucumber -->
    </groups>
    <test name="Test" duration-ms="67759" started-at="2020-07-28T16:43:25Z" finished-at="2020-07-28T16:44:32Z">
      <class name="com.projectName.cucumber.runners.ValidateCRMFeatureRunner">
        <test-method status="PASS" signature="setUpClass()[pri:0, instance:com.projectName.cucumber.runners.ValidateCRMFeatureRunner@4566e5bd]" name="setUpClass" is-config="true" duration-ms="133" started-at="2020-07-28T16:43:25Z" finished-at="2020-07-28T16:43:25Z">
          <reporter-output>
          </reporter-output>
        </test-method> <!-- setUpClass -->
        <test-method status="FAIL" signature="runScenario(io.cucumber.testng.PickleEventWrapper, io.cucumber.testng.CucumberFeatureWrapper)[pri:0, instance:com.projectName.cucumber.runners.ValidateCRMFeatureRunner@4566e5bd]" name="runScenario" duration-ms="1077" started-at="2020-07-28T16:43:25Z" description="Runs Cucumber Scenarios" data-provider="scenarios" finished-at="2020-07-28T16:43:26Z">
          <params>
            <param index="0">
              <value>
                <![CDATA["2 Navigate to Zoho.com"]]>
              </value>
            </param>
            <param index="1">
              <value>
                <![CDATA["2 Login to Zoho and validate CRM"]]>
              </value>
            </param>
          </params>
          <exception class="java.lang.NoSuchMethodError">
            <message>
              <![CDATA[com.google.common.util.concurrent.SimpleTimeLimiter.create(Ljava/util/concurrent/ExecutorService;)Lcom/google/common/util/concurrent/SimpleTimeLimiter;]]>
            </message>
            <full-stacktrace>
              <![CDATA[java.lang.NoSuchMethodError: com.google.common.util.concurrent.SimpleTimeLimiter.create(Ljava/util/concurrent/ExecutorService;)Lcom/google/common/util/concurrent/SimpleTimeLimiter;
at org.openqa.selenium.net.UrlChecker.<init>(UrlChecker.java:62)
at org.openqa.selenium.remote.service.DriverService.waitUntilAvailable(DriverService.java:188)
at org.openqa.selenium.remote.service.DriverService.start(DriverService.java:179)
at org.openqa.selenium.remote.service.DriverCommandExecutor.execute(DriverCommandExecutor.java:79)
at org.openqa.selenium.remote.RemoteWebDriver.execute(RemoteWebDriver.java:548)
at org.openqa.selenium.remote.RemoteWebDriver.startSession(RemoteWebDriver.java:212)
at org.openqa.selenium.remote.RemoteWebDriver.<init>(RemoteWebDriver.java:130)
at org.openqa.selenium.chrome.ChromeDriver.<init>(ChromeDriver.java:181)
at org.openqa.selenium.chrome.ChromeDriver.<init>(ChromeDriver.java:168)
at org.openqa.selenium.chrome.ChromeDriver.<init>(ChromeDriver.java:123)
at com.projectName.cucumber.steps.BaseSteps.openBrowser(BaseSteps.java:192)
at com.projectName.cucumber.steps.ZohoSteps.launch_browser(ZohoSteps.java:70)
at ✽.launch browser 'chrome'(file:src/test/resources/features/validateCRM.feature:6)
]]>
            </full-stacktrace>
          </exception> <!-- java.lang.NoSuchMethodError -->
          <reporter-output>
          </reporter-output>
        </test-method> <!-- runScenario -->
        <test-method status="PASS" signature="runScenario(io.cucumber.testng.PickleEventWrapper, io.cucumber.testng.CucumberFeatureWrapper)[pri:0, instance:com.projectName.cucumber.runners.ValidateCRMFeatureRunner@4566e5bd]" name="runScenario" duration-ms="66420" started-at="2020-07-28T16:43:26Z" description="Runs Cucumber Scenarios" data-provider="scenarios" finished-at="2020-07-28T16:44:32Z">
          <params>
            <param index="0">
              <value>
                <![CDATA["2 Navigate to Zoho.com"]]>
              </value>
            </param>
            <param index="1">
              <value>
                <![CDATA["2 Login to Zoho and validate CRM"]]>
              </value>
            </param>
          </params>
          <reporter-output>
          </reporter-output>
        </test-method> <!-- runScenario -->
        <test-method status="PASS" signature="tearDownClass()[pri:0, instance:com.projectName.cucumber.runners.ValidateCRMFeatureRunner@4566e5bd]" name="tearDownClass" is-config="true" duration-ms="0" started-at="2020-07-28T16:44:32Z" finished-at="2020-07-28T16:44:32Z">
          <reporter-output>
          </reporter-output>
        </test-method> <!-- tearDownClass -->
      </class> <!-- com.projectName.cucumber.runners.ValidateCRMFeatureRunner -->
      <class name="com.projectName.cucumber.runners.ValidateCustomerFeatureRunner">
        <test-method status="PASS" signature="setUpClass()[pri:0, instance:com.projectName.cucumber.runners.ValidateCustomerFeatureRunner@ff5b51f]" name="setUpClass" is-config="true" duration-ms="132" started-at="2020-07-28T16:43:25Z" finished-at="2020-07-28T16:43:25Z">
          <reporter-output>
          </reporter-output>
        </test-method> <!-- setUpClass -->
        <test-method status="FAIL" signature="runScenario(io.cucumber.testng.PickleEventWrapper, io.cucumber.testng.CucumberFeatureWrapper)[pri:0, instance:com.projectName.cucumber.runners.ValidateCustomerFeatureRunner@ff5b51f]" name="runScenario" duration-ms="1077" started-at="2020-07-28T16:43:25Z" description="Runs Cucumber Scenarios" data-provider="scenarios" finished-at="2020-07-28T16:43:26Z">
          <params>
            <param index="0">
              <value>
                <![CDATA["3 Navigate to Zoho.com"]]>
              </value>
            </param>
            <param index="1">
              <value>
                <![CDATA["3 Login to Zoho and validate CRM"]]>
              </value>
            </param>
          </params>
          <exception class="java.lang.NoSuchMethodError">
            <message>
              <![CDATA[com.google.common.util.concurrent.SimpleTimeLimiter.create(Ljava/util/concurrent/ExecutorService;)Lcom/google/common/util/concurrent/SimpleTimeLimiter;]]>
            </message>
            <full-stacktrace>
              <![CDATA[java.lang.NoSuchMethodError: com.google.common.util.concurrent.SimpleTimeLimiter.create(Ljava/util/concurrent/ExecutorService;)Lcom/google/common/util/concurrent/SimpleTimeLimiter;
at org.openqa.selenium.net.UrlChecker.<init>(UrlChecker.java:62)
at org.openqa.selenium.remote.service.DriverService.waitUntilAvailable(DriverService.java:188)
at org.openqa.selenium.remote.service.DriverService.start(DriverService.java:179)
at org.openqa.selenium.remote.service.DriverCommandExecutor.execute(DriverCommandExecutor.java:79)
at org.openqa.selenium.remote.RemoteWebDriver.execute(RemoteWebDriver.java:548)
at org.openqa.selenium.remote.RemoteWebDriver.startSession(RemoteWebDriver.java:212)
at org.openqa.selenium.remote.RemoteWebDriver.<init>(RemoteWebDriver.java:130)
at org.openqa.selenium.chrome.ChromeDriver.<init>(ChromeDriver.java:181)
at org.openqa.selenium.chrome.ChromeDriver.<init>(ChromeDriver.java:168)
at org.openqa.selenium.chrome.ChromeDriver.<init>(ChromeDriver.java:123)
at com.projectName.cucumber.steps.BaseSteps.openBrowser(BaseSteps.java:192)
at com.projectName.cucumber.steps.ZohoSteps.launch_browser(ZohoSteps.java:70)
at ✽.launch browser 'chrome'(file:src/test/resources/features/validateCustomers.feature:6)
]]>
            </full-stacktrace>
          </exception> <!-- java.lang.NoSuchMethodError -->
          <reporter-output>
          </reporter-output>
        </test-method> <!-- runScenario -->
        <test-method status="PASS" signature="tearDownClass()[pri:0, instance:com.projectName.cucumber.runners.ValidateCustomerFeatureRunner@ff5b51f]" name="tearDownClass" is-config="true" duration-ms="47" started-at="2020-07-28T16:43:26Z" finished-at="2020-07-28T16:43:26Z">
          <reporter-output>
          </reporter-output>
        </test-method> <!-- tearDownClass -->
      </class> <!-- com.projectName.cucumber.runners.ValidateCustomerFeatureRunner -->
      <class name="com.projectName.cucumber.runners.LoginFeatureRunner">
        <test-method status="PASS" signature="setUpClass()[pri:0, instance:com.projectName.cucumber.runners.LoginFeatureRunner@56ef9176]" name="setUpClass" is-config="true" duration-ms="137" started-at="2020-07-28T16:43:25Z" finished-at="2020-07-28T16:43:25Z">
          <reporter-output>
          </reporter-output>
        </test-method> <!-- setUpClass -->
        <test-method status="FAIL" signature="runScenario(io.cucumber.testng.PickleEventWrapper, io.cucumber.testng.CucumberFeatureWrapper)[pri:0, instance:com.projectName.cucumber.runners.LoginFeatureRunner@56ef9176]" name="runScenario" duration-ms="1077" started-at="2020-07-28T16:43:25Z" description="Runs Cucumber Scenarios" data-provider="scenarios" finished-at="2020-07-28T16:43:26Z">
          <params>
            <param index="0">
              <value>
                <![CDATA["1 Navigate to Zoho.com in Chrome and perform login"]]>
              </value>
            </param>
            <param index="1">
              <value>
                <![CDATA["1 Login to Zoho"]]>
              </value>
            </param>
          </params>
          <exception class="java.lang.NoSuchMethodError">
            <message>
              <![CDATA[com.google.common.util.concurrent.SimpleTimeLimiter.create(Ljava/util/concurrent/ExecutorService;)Lcom/google/common/util/concurrent/SimpleTimeLimiter;]]>
            </message>
            <full-stacktrace>
              <![CDATA[java.lang.NoSuchMethodError: com.google.common.util.concurrent.SimpleTimeLimiter.create(Ljava/util/concurrent/ExecutorService;)Lcom/google/common/util/concurrent/SimpleTimeLimiter;
at org.openqa.selenium.net.UrlChecker.<init>(UrlChecker.java:62)
at org.openqa.selenium.remote.service.DriverService.waitUntilAvailable(DriverService.java:188)
at org.openqa.selenium.remote.service.DriverService.start(DriverService.java:179)
at org.openqa.selenium.remote.service.DriverCommandExecutor.execute(DriverCommandExecutor.java:79)
at org.openqa.selenium.remote.RemoteWebDriver.execute(RemoteWebDriver.java:548)
at org.openqa.selenium.remote.RemoteWebDriver.startSession(RemoteWebDriver.java:212)
at org.openqa.selenium.remote.RemoteWebDriver.<init>(RemoteWebDriver.java:130)
at org.openqa.selenium.chrome.ChromeDriver.<init>(ChromeDriver.java:181)
at org.openqa.selenium.chrome.ChromeDriver.<init>(ChromeDriver.java:168)
at org.openqa.selenium.chrome.ChromeDriver.<init>(ChromeDriver.java:123)
at com.projectName.cucumber.steps.BaseSteps.openBrowser(BaseSteps.java:192)
at com.projectName.cucumber.steps.ZohoSteps.launch_browser(ZohoSteps.java:70)
at ✽.launch browser 'chrome'(file:src/test/resources/features/login.feature:6)
]]>
            </full-stacktrace>
          </exception> <!-- java.lang.NoSuchMethodError -->
          <reporter-output>
          </reporter-output>
        </test-method> <!-- runScenario -->
        <test-method status="PASS" signature="tearDownClass()[pri:0, instance:com.projectName.cucumber.runners.LoginFeatureRunner@56ef9176]" name="tearDownClass" is-config="true" duration-ms="109" started-at="2020-07-28T16:43:26Z" finished-at="2020-07-28T16:43:26Z">
          <reporter-output>
          </reporter-output>
        </test-method> <!-- tearDownClass -->
      </class> <!-- com.projectName.cucumber.runners.LoginFeatureRunner -->
      <class name="com.projectName.cucumber.runners.ValidatePricingFeatureRunner">
        <test-method status="PASS" signature="setUpClass()[pri:0, instance:com.projectName.cucumber.runners.ValidatePricingFeatureRunner@1ed4004b]" name="setUpClass" is-config="true" duration-ms="134" started-at="2020-07-28T16:43:25Z" finished-at="2020-07-28T16:43:25Z">
          <reporter-output>
          </reporter-output>
        </test-method> <!-- setUpClass -->
        <test-method status="FAIL" signature="runScenario(io.cucumber.testng.PickleEventWrapper, io.cucumber.testng.CucumberFeatureWrapper)[pri:0, instance:com.projectName.cucumber.runners.ValidatePricingFeatureRunner@1ed4004b]" name="runScenario" duration-ms="1077" started-at="2020-07-28T16:43:25Z" description="Runs Cucumber Scenarios" data-provider="scenarios" finished-at="2020-07-28T16:43:26Z">
          <params>
            <param index="0">
              <value>
                <![CDATA["4 Navigate to Zoho.com"]]>
              </value>
            </param>
            <param index="1">
              <value>
                <![CDATA["4 Login to Zoho and validate CRM"]]>
              </value>
            </param>
          </params>
          <exception class="java.lang.NoSuchMethodError">
            <message>
              <![CDATA[com.google.common.util.concurrent.SimpleTimeLimiter.create(Ljava/util/concurrent/ExecutorService;)Lcom/google/common/util/concurrent/SimpleTimeLimiter;]]>
            </message>
            <full-stacktrace>
              <![CDATA[java.lang.NoSuchMethodError: com.google.common.util.concurrent.SimpleTimeLimiter.create(Ljava/util/concurrent/ExecutorService;)Lcom/google/common/util/concurrent/SimpleTimeLimiter;
at org.openqa.selenium.net.UrlChecker.<init>(UrlChecker.java:62)
at org.openqa.selenium.remote.service.DriverService.waitUntilAvailable(DriverService.java:188)
at org.openqa.selenium.remote.service.DriverService.start(DriverService.java:179)
at org.openqa.selenium.remote.service.DriverCommandExecutor.execute(DriverCommandExecutor.java:79)
at org.openqa.selenium.remote.RemoteWebDriver.execute(RemoteWebDriver.java:548)
at org.openqa.selenium.remote.RemoteWebDriver.startSession(RemoteWebDriver.java:212)
at org.openqa.selenium.remote.RemoteWebDriver.<init>(RemoteWebDriver.java:130)
at org.openqa.selenium.chrome.ChromeDriver.<init>(ChromeDriver.java:181)
at org.openqa.selenium.chrome.ChromeDriver.<init>(ChromeDriver.java:168)
at org.openqa.selenium.chrome.ChromeDriver.<init>(ChromeDriver.java:123)
at com.projectName.cucumber.steps.BaseSteps.openBrowser(BaseSteps.java:192)
at com.projectName.cucumber.steps.ZohoSteps.launch_browser(ZohoSteps.java:70)
at ✽.launch browser 'chrome'(file:src/test/resources/features/validatePricing.feature:6)
]]>
            </full-stacktrace>
          </exception> <!-- java.lang.NoSuchMethodError -->
          <reporter-output>
          </reporter-output>
        </test-method> <!-- runScenario -->
        <test-method status="PASS" signature="tearDownClass()[pri:0, instance:com.projectName.cucumber.runners.ValidatePricingFeatureRunner@1ed4004b]" name="tearDownClass" is-config="true" duration-ms="26" started-at="2020-07-28T16:43:26Z" finished-at="2020-07-28T16:43:26Z">
          <reporter-output>
          </reporter-output>
        </test-method> <!-- tearDownClass -->
      </class> <!-- com.projectName.cucumber.runners.ValidatePricingFeatureRunner -->
    </test> <!-- Test -->
  </suite> <!-- Suite -->
</testng-results>
