<?xml version="1.0" encoding="UTF-8"?>
<!-- Generated by org.testng.reporters.JUnitReportReporter -->
<testsuite skipped="0" hostname="DESKTOP-VMSO8QB" name="com.projectName.cucumber.runners.ValidateCustomerFeatureRunner" tests="1" failures="0" timestamp="28 Jul 2020 16:44:33 GMT" time="1.077" errors="1">
  <testcase name="runScenario" time="1.077" classname="com.projectName.cucumber.runners.ValidateCustomerFeatureRunner">
    <error type="java.lang.NoSuchMethodError" message="com.google.common.util.concurrent.SimpleTimeLimiter.create(Ljava/util/concurrent/ExecutorService;)Lcom/google/common/util/concurrent/SimpleTimeLimiter;">
      <![CDATA[java.lang.NoSuchMethodError: com.google.common.util.concurrent.SimpleTimeLimiter.create(Ljava/util/concurrent/ExecutorService;)Lcom/google/common/util/concurrent/SimpleTimeLimiter;
at org.openqa.selenium.net.UrlChecker.<init>(UrlChecker.java:62)
at org.openqa.selenium.remote.service.DriverService.waitUntilAvailable(DriverService.java:188)
at org.openqa.selenium.remote.service.DriverService.start(DriverService.java:179)
at org.openqa.selenium.remote.service.DriverCommandExecutor.execute(DriverCommandExecutor.java:79)
at org.openqa.selenium.remote.RemoteWebDriver.execute(RemoteWebDriver.java:548)
at org.openqa.selenium.remote.RemoteWebDriver.startSession(RemoteWebDriver.java:212)
at org.openqa.selenium.remote.RemoteWebDriver.<init>(RemoteWebDriver.java:130)
at org.openqa.selenium.chrome.ChromeDriver.<init>(ChromeDriver.java:181)
at org.openqa.selenium.chrome.ChromeDriver.<init>(ChromeDriver.java:168)
at org.openqa.selenium.chrome.ChromeDriver.<init>(ChromeDriver.java:123)
at com.projectName.cucumber.steps.BaseSteps.openBrowser(BaseSteps.java:192)
at com.projectName.cucumber.steps.ZohoSteps.launch_browser(ZohoSteps.java:70)
at ✽.launch browser 'chrome'(file:src/test/resources/features/validateCustomers.feature:6)
]]>
    </error>
  </testcase> <!-- runScenario -->
</testsuite> <!-- com.projectName.cucumber.runners.ValidateCustomerFeatureRunner -->
